<?xml version="1.0" encoding="UTF-8"?>
<testsuite xmlns:xsi="http://www.w3.org/2001/XMLSchema-instance" xsi:noNamespaceSchemaLocation="https://maven.apache.org/surefire/maven-surefire-plugin/xsd/surefire-test-report.xsd" name="com.taotie.wechatpro.WechatproApplicationTests" time="4.219" tests="3" errors="0" skipped="0" failures="0">
  <properties>
    <property name="sun.desktop" value="windows"/>
    <property name="awt.toolkit" value="sun.awt.windows.WToolkit"/>
    <property name="file.encoding.pkg" value="sun.io"/>
    <property name="java.specification.version" value="1.8"/>
    <property name="sun.cpu.isalist" value="amd64"/>
    <property name="sun.jnu.encoding" value="GBK"/>
    <property name="java.class.path" value="F:\workplace\其他项目\饕餮食客\javapro\target\test-classes;F:\workplace\其他项目\饕餮食客\javapro\target\classes;C:\Users\sakebow\.m2\repository\org\springframework\boot\spring-boot-starter-data-redis\2.2.6.RELEASE\spring-boot-starter-data-redis-2.2.6.RELEASE.jar;C:\Users\sakebow\.m2\repository\org\springframework\boot\spring-boot-starter\2.2.6.RELEASE\spring-boot-starter-2.2.6.RELEASE.jar;C:\Users\sakebow\.m2\repository\org\springframework\boot\spring-boot-starter-logging\2.2.6.RELEASE\spring-boot-starter-logging-2.2.6.RELEASE.jar;C:\Users\sakebow\.m2\repository\ch\qos\logback\logback-classic\1.2.3\logback-classic-1.2.3.jar;C:\Users\sakebow\.m2\repository\ch\qos\logback\logback-core\1.2.3\logback-core-1.2.3.jar;C:\Users\sakebow\.m2\repository\org\apache\logging\log4j\log4j-to-slf4j\2.12.1\log4j-to-slf4j-2.12.1.jar;C:\Users\sakebow\.m2\repository\org\apache\logging\log4j\log4j-api\2.12.1\log4j-api-2.12.1.jar;C:\Users\sakebow\.m2\repository\org\slf4j\jul-to-slf4j\1.7.30\jul-to-slf4j-1.7.30.jar;C:\Users\sakebow\.m2\repository\jakarta\annotation\jakarta.annotation-api\1.3.5\jakarta.annotation-api-1.3.5.jar;C:\Users\sakebow\.m2\repository\org\yaml\snakeyaml\1.25\snakeyaml-1.25.jar;C:\Users\sakebow\.m2\repository\org\springframework\data\spring-data-redis\2.2.6.RELEASE\spring-data-redis-2.2.6.RELEASE.jar;C:\Users\sakebow\.m2\repository\org\springframework\data\spring-data-keyvalue\2.2.6.RELEASE\spring-data-keyvalue-2.2.6.RELEASE.jar;C:\Users\sakebow\.m2\repository\org\springframework\data\spring-data-commons\2.2.6.RELEASE\spring-data-commons-2.2.6.RELEASE.jar;C:\Users\sakebow\.m2\repository\org\springframework\spring-tx\5.2.5.RELEASE\spring-tx-5.2.5.RELEASE.jar;C:\Users\sakebow\.m2\repository\org\springframework\spring-aop\5.2.5.RELEASE\spring-aop-5.2.5.RELEASE.jar;C:\Users\sakebow\.m2\repository\org\springframework\spring-context-support\5.2.5.RELEASE\spring-context-support-5.2.5.RELEASE.jar;C:\Users\sakebow\.m2\repository\io\lettuce\lettuce-core\5.2.2.RELEASE\lettuce-core-5.2.2.RELEASE.jar;C:\Users\sakebow\.m2\repository\io\netty\netty-common\4.1.48.Final\netty-common-4.1.48.Final.jar;C:\Users\sakebow\.m2\repository\io\netty\netty-handler\4.1.48.Final\netty-handler-4.1.48.Final.jar;C:\Users\sakebow\.m2\repository\io\netty\netty-resolver\4.1.48.Final\netty-resolver-4.1.48.Final.jar;C:\Users\sakebow\.m2\repository\io\netty\netty-buffer\4.1.48.Final\netty-buffer-4.1.48.Final.jar;C:\Users\sakebow\.m2\repository\io\netty\netty-codec\4.1.48.Final\netty-codec-4.1.48.Final.jar;C:\Users\sakebow\.m2\repository\io\netty\netty-transport\4.1.48.Final\netty-transport-4.1.48.Final.jar;C:\Users\sakebow\.m2\repository\io\projectreactor\reactor-core\3.3.4.RELEASE\reactor-core-3.3.4.RELEASE.jar;C:\Users\sakebow\.m2\repository\org\reactivestreams\reactive-streams\1.0.3\reactive-streams-1.0.3.jar;C:\Users\sakebow\.m2\repository\org\springframework\boot\spring-boot-starter-web\2.2.6.RELEASE\spring-boot-starter-web-2.2.6.RELEASE.jar;C:\Users\sakebow\.m2\repository\org\springframework\boot\spring-boot-starter-json\2.2.6.RELEASE\spring-boot-starter-json-2.2.6.RELEASE.jar;C:\Users\sakebow\.m2\repository\com\fasterxml\jackson\core\jackson-databind\2.10.3\jackson-databind-2.10.3.jar;C:\Users\sakebow\.m2\repository\com\fasterxml\jackson\core\jackson-annotations\2.10.3\jackson-annotations-2.10.3.jar;C:\Users\sakebow\.m2\repository\com\fasterxml\jackson\core\jackson-core\2.10.3\jackson-core-2.10.3.jar;C:\Users\sakebow\.m2\repository\com\fasterxml\jackson\datatype\jackson-datatype-jdk8\2.10.3\jackson-datatype-jdk8-2.10.3.jar;C:\Users\sakebow\.m2\repository\com\fasterxml\jackson\datatype\jackson-datatype-jsr310\2.10.3\jackson-datatype-jsr310-2.10.3.jar;C:\Users\sakebow\.m2\repository\com\fasterxml\jackson\module\jackson-module-parameter-names\2.10.3\jackson-module-parameter-names-2.10.3.jar;C:\Users\sakebow\.m2\repository\org\springframework\boot\spring-boot-starter-tomcat\2.2.6.RELEASE\spring-boot-starter-tomcat-2.2.6.RELEASE.jar;C:\Users\sakebow\.m2\repository\org\apache\tomcat\embed\tomcat-embed-core\9.0.33\tomcat-embed-core-9.0.33.jar;C:\Users\sakebow\.m2\repository\org\apache\tomcat\embed\tomcat-embed-el\9.0.33\tomcat-embed-el-9.0.33.jar;C:\Users\sakebow\.m2\repository\org\apache\tomcat\embed\tomcat-embed-websocket\9.0.33\tomcat-embed-websocket-9.0.33.jar;C:\Users\sakebow\.m2\repository\org\springframework\boot\spring-boot-starter-validation\2.2.6.RELEASE\spring-boot-starter-validation-2.2.6.RELEASE.jar;C:\Users\sakebow\.m2\repository\jakarta\validation\jakarta.validation-api\2.0.2\jakarta.validation-api-2.0.2.jar;C:\Users\sakebow\.m2\repository\org\hibernate\validator\hibernate-validator\6.0.18.Final\hibernate-validator-6.0.18.Final.jar;C:\Users\sakebow\.m2\repository\org\jboss\logging\jboss-logging\3.4.1.Final\jboss-logging-3.4.1.Final.jar;C:\Users\sakebow\.m2\repository\com\fasterxml\classmate\1.5.1\classmate-1.5.1.jar;C:\Users\sakebow\.m2\repository\org\springframework\spring-web\5.2.5.RELEASE\spring-web-5.2.5.RELEASE.jar;C:\Users\sakebow\.m2\repository\org\springframework\spring-beans\5.2.5.RELEASE\spring-beans-5.2.5.RELEASE.jar;C:\Users\sakebow\.m2\repository\org\springframework\spring-webmvc\5.2.5.RELEASE\spring-webmvc-5.2.5.RELEASE.jar;C:\Users\sakebow\.m2\repository\org\springframework\spring-context\5.2.5.RELEASE\spring-context-5.2.5.RELEASE.jar;C:\Users\sakebow\.m2\repository\org\springframework\spring-expression\5.2.5.RELEASE\spring-expression-5.2.5.RELEASE.jar;C:\Users\sakebow\.m2\repository\org\springframework\boot\spring-boot-starter-web-services\2.2.6.RELEASE\spring-boot-starter-web-services-2.2.6.RELEASE.jar;C:\Users\sakebow\.m2\repository\com\sun\xml\messaging\saaj\saaj-impl\1.5.1\saaj-impl-1.5.1.jar;C:\Users\sakebow\.m2\repository\jakarta\activation\jakarta.activation-api\1.2.2\jakarta.activation-api-1.2.2.jar;C:\Users\sakebow\.m2\repository\jakarta\xml\soap\jakarta.xml.soap-api\1.4.2\jakarta.xml.soap-api-1.4.2.jar;C:\Users\sakebow\.m2\repository\org\jvnet\mimepull\mimepull\1.9.13\mimepull-1.9.13.jar;C:\Users\sakebow\.m2\repository\org\jvnet\staxex\stax-ex\1.8.1\stax-ex-1.8.1.jar;C:\Users\sakebow\.m2\repository\jakarta\xml\ws\jakarta.xml.ws-api\2.3.3\jakarta.xml.ws-api-2.3.3.jar;C:\Users\sakebow\.m2\repository\jakarta\jws\jakarta.jws-api\2.1.0\jakarta.jws-api-2.1.0.jar;C:\Users\sakebow\.m2\repository\org\springframework\spring-oxm\5.2.5.RELEASE\spring-oxm-5.2.5.RELEASE.jar;C:\Users\sakebow\.m2\repository\org\springframework\ws\spring-ws-core\3.0.8.RELEASE\spring-ws-core-3.0.8.RELEASE.jar;C:\Users\sakebow\.m2\repository\org\springframework\ws\spring-xml\3.0.8.RELEASE\spring-xml-3.0.8.RELEASE.jar;C:\Users\sakebow\.m2\repository\org\springframework\boot\spring-boot-devtools\2.2.6.RELEASE\spring-boot-devtools-2.2.6.RELEASE.jar;C:\Users\sakebow\.m2\repository\org\springframework\boot\spring-boot\2.2.6.RELEASE\spring-boot-2.2.6.RELEASE.jar;C:\Users\sakebow\.m2\repository\org\springframework\boot\spring-boot-autoconfigure\2.2.6.RELEASE\spring-boot-autoconfigure-2.2.6.RELEASE.jar;C:\Users\sakebow\.m2\repository\mysql\mysql-connector-java\8.0.15\mysql-connector-java-8.0.15.jar;C:\Users\sakebow\.m2\repository\org\projectlombok\lombok\1.18.10\lombok-1.18.10.jar;C:\Users\sakebow\.m2\repository\org\springframework\boot\spring-boot-starter-test\2.2.6.RELEASE\spring-boot-starter-test-2.2.6.RELEASE.jar;C:\Users\sakebow\.m2\repository\org\springframework\boot\spring-boot-test\2.2.6.RELEASE\spring-boot-test-2.2.6.RELEASE.jar;C:\Users\sakebow\.m2\repository\org\springframework\boot\spring-boot-test-autoconfigure\2.2.6.RELEASE\spring-boot-test-autoconfigure-2.2.6.RELEASE.jar;C:\Users\sakebow\.m2\repository\com\jayway\jsonpath\json-path\2.4.0\json-path-2.4.0.jar;C:\Users\sakebow\.m2\repository\net\minidev\json-smart\2.3\json-smart-2.3.jar;C:\Users\sakebow\.m2\repository\net\minidev\accessors-smart\1.2\accessors-smart-1.2.jar;C:\Users\sakebow\.m2\repository\org\ow2\asm\asm\5.0.4\asm-5.0.4.jar;C:\Users\sakebow\.m2\repository\jakarta\xml\bind\jakarta.xml.bind-api\2.3.3\jakarta.xml.bind-api-2.3.3.jar;C:\Users\sakebow\.m2\repository\org\junit\jupiter\junit-jupiter\5.5.2\junit-jupiter-5.5.2.jar;C:\Users\sakebow\.m2\repository\org\junit\jupiter\junit-jupiter-api\5.5.2\junit-jupiter-api-5.5.2.jar;C:\Users\sakebow\.m2\repository\org\apiguardian\apiguardian-api\1.1.0\apiguardian-api-1.1.0.jar;C:\Users\sakebow\.m2\repository\org\opentest4j\opentest4j\1.2.0\opentest4j-1.2.0.jar;C:\Users\sakebow\.m2\repository\org\junit\platform\junit-platform-commons\1.5.2\junit-platform-commons-1.5.2.jar;C:\Users\sakebow\.m2\repository\org\junit\jupiter\junit-jupiter-params\5.5.2\junit-jupiter-params-5.5.2.jar;C:\Users\sakebow\.m2\repository\org\junit\jupiter\junit-jupiter-engine\5.5.2\junit-jupiter-engine-5.5.2.jar;C:\Users\sakebow\.m2\repository\org\junit\platform\junit-platform-engine\1.5.2\junit-platform-engine-1.5.2.jar;C:\Users\sakebow\.m2\repository\org\mockito\mockito-junit-jupiter\3.1.0\mockito-junit-jupiter-3.1.0.jar;C:\Users\sakebow\.m2\repository\org\assertj\assertj-core\3.13.2\assertj-core-3.13.2.jar;C:\Users\sakebow\.m2\repository\org\hamcrest\hamcrest\2.1\hamcrest-2.1.jar;C:\Users\sakebow\.m2\repository\org\mockito\mockito-core\3.1.0\mockito-core-3.1.0.jar;C:\Users\sakebow\.m2\repository\net\bytebuddy\byte-buddy\1.10.8\byte-buddy-1.10.8.jar;C:\Users\sakebow\.m2\repository\net\bytebuddy\byte-buddy-agent\1.10.8\byte-buddy-agent-1.10.8.jar;C:\Users\sakebow\.m2\repository\org\objenesis\objenesis\2.6\objenesis-2.6.jar;C:\Users\sakebow\.m2\repository\org\skyscreamer\jsonassert\1.5.0\jsonassert-1.5.0.jar;C:\Users\sakebow\.m2\repository\com\vaadin\external\google\android-json\0.0.20131108.vaadin1\android-json-0.0.20131108.vaadin1.jar;C:\Users\sakebow\.m2\repository\org\springframework\spring-core\5.2.5.RELEASE\spring-core-5.2.5.RELEASE.jar;C:\Users\sakebow\.m2\repository\org\springframework\spring-jcl\5.2.5.RELEASE\spring-jcl-5.2.5.RELEASE.jar;C:\Users\sakebow\.m2\repository\org\springframework\spring-test\5.2.5.RELEASE\spring-test-5.2.5.RELEASE.jar;C:\Users\sakebow\.m2\repository\org\xmlunit\xmlunit-core\2.6.4\xmlunit-core-2.6.4.jar;C:\Users\sakebow\.m2\repository\org\springframework\restdocs\spring-restdocs-mockmvc\2.0.4.RELEASE\spring-restdocs-mockmvc-2.0.4.RELEASE.jar;C:\Users\sakebow\.m2\repository\javax\servlet\javax.servlet-api\4.0.1\javax.servlet-api-4.0.1.jar;C:\Users\sakebow\.m2\repository\org\springframework\restdocs\spring-restdocs-core\2.0.4.RELEASE\spring-restdocs-core-2.0.4.RELEASE.jar;C:\Users\sakebow\.m2\repository\com\alibaba\fastjson\1.2.28\fastjson-1.2.28.jar;C:\Users\sakebow\.m2\repository\com\baomidou\mybatis-plus-boot-starter\3.3.1.tmp\mybatis-plus-boot-starter-3.3.1.tmp.jar;C:\Users\sakebow\.m2\repository\com\baomidou\mybatis-plus\3.3.1.tmp\mybatis-plus-3.3.1.tmp.jar;C:\Users\sakebow\.m2\repository\com\baomidou\mybatis-plus-extension\3.3.1.tmp\mybatis-plus-extension-3.3.1.tmp.jar;C:\Users\sakebow\.m2\repository\com\baomidou\mybatis-plus-core\3.3.1.tmp\mybatis-plus-core-3.3.1.tmp.jar;C:\Users\sakebow\.m2\repository\com\baomidou\mybatis-plus-annotation\3.3.1.tmp\mybatis-plus-annotation-3.3.1.tmp.jar;C:\Users\sakebow\.m2\repository\com\github\jsqlparser\jsqlparser\3.1\jsqlparser-3.1.jar;C:\Users\sakebow\.m2\repository\org\mybatis\mybatis\3.5.3\mybatis-3.5.3.jar;C:\Users\sakebow\.m2\repository\org\mybatis\mybatis-spring\2.0.3\mybatis-spring-2.0.3.jar;C:\Users\sakebow\.m2\repository\org\springframework\boot\spring-boot-starter-jdbc\2.2.6.RELEASE\spring-boot-starter-jdbc-2.2.6.RELEASE.jar;C:\Users\sakebow\.m2\repository\com\zaxxer\HikariCP\3.4.2\HikariCP-3.4.2.jar;C:\Users\sakebow\.m2\repository\org\springframework\spring-jdbc\5.2.5.RELEASE\spring-jdbc-5.2.5.RELEASE.jar;C:\Users\sakebow\.m2\repository\redis\clients\jedis\3.1.0\jedis-3.1.0.jar;C:\Users\sakebow\.m2\repository\org\slf4j\slf4j-api\1.7.30\slf4j-api-1.7.30.jar;C:\Users\sakebow\.m2\repository\org\apache\commons\commons-pool2\2.7.0\commons-pool2-2.7.0.jar;C:\Users\sakebow\.m2\repository\org\apache\httpcomponents\httpclient\4.3.5\httpclient-4.3.5.jar;C:\Users\sakebow\.m2\repository\org\apache\httpcomponents\httpcore\4.4.13\httpcore-4.4.13.jar;C:\Users\sakebow\.m2\repository\commons-codec\commons-codec\1.13\commons-codec-1.13.jar;C:\Users\sakebow\.m2\repository\com\qiniu\qiniu-java-sdk\7.2.28\qiniu-java-sdk-7.2.28.jar;C:\Users\sakebow\.m2\repository\com\squareup\okhttp3\okhttp\3.14.7\okhttp-3.14.7.jar;C:\Users\sakebow\.m2\repository\com\squareup\okio\okio\1.17.2\okio-1.17.2.jar;C:\Users\sakebow\.m2\repository\com\google\code\gson\gson\2.8.5\gson-2.8.5.jar;"/>
    <property name="java.vm.vendor" value="Oracle Corporation"/>
    <property name="sun.arch.data.model" value="64"/>
    <property name="user.variant" value=""/>
    <property name="java.vendor.url" value="http://java.oracle.com/"/>
    <property name="user.timezone" value="Asia/Shanghai"/>
    <property name="java.vm.specification.version" value="1.8"/>
    <property name="os.name" value="Windows 10"/>
    <property name="user.country" value="CN"/>
    <property name="sun.java.launcher" value="SUN_STANDARD"/>
    <property name="sun.boot.library.path" value="F:\environment\jdk8u144\jre\bin"/>
    <property name="sun.java.command" value="C:\Users\sakebow\AppData\Local\Temp\surefire1526597066893460212\surefirebooter8121277621349449149.jar C:\Users\sakebow\AppData\Local\Temp\surefire1526597066893460212 2020-04-14T00-24-46_475-jvmRun1 surefire2462114719652055325tmp surefire_05480177008430692651tmp"/>
    <property name="surefire.test.class.path" value="F:\workplace\其他项目\饕餮食客\javapro\target\test-classes;F:\workplace\其他项目\饕餮食客\javapro\target\classes;C:\Users\sakebow\.m2\repository\org\springframework\boot\spring-boot-starter-data-redis\2.2.6.RELEASE\spring-boot-starter-data-redis-2.2.6.RELEASE.jar;C:\Users\sakebow\.m2\repository\org\springframework\boot\spring-boot-starter\2.2.6.RELEASE\spring-boot-starter-2.2.6.RELEASE.jar;C:\Users\sakebow\.m2\repository\org\springframework\boot\spring-boot-starter-logging\2.2.6.RELEASE\spring-boot-starter-logging-2.2.6.RELEASE.jar;C:\Users\sakebow\.m2\repository\ch\qos\logback\logback-classic\1.2.3\logback-classic-1.2.3.jar;C:\Users\sakebow\.m2\repository\ch\qos\logback\logback-core\1.2.3\logback-core-1.2.3.jar;C:\Users\sakebow\.m2\repository\org\apache\logging\log4j\log4j-to-slf4j\2.12.1\log4j-to-slf4j-2.12.1.jar;C:\Users\sakebow\.m2\repository\org\apache\logging\log4j\log4j-api\2.12.1\log4j-api-2.12.1.jar;C:\Users\sakebow\.m2\repository\org\slf4j\jul-to-slf4j\1.7.30\jul-to-slf4j-1.7.30.jar;C:\Users\sakebow\.m2\repository\jakarta\annotation\jakarta.annotation-api\1.3.5\jakarta.annotation-api-1.3.5.jar;C:\Users\sakebow\.m2\repository\org\yaml\snakeyaml\1.25\snakeyaml-1.25.jar;C:\Users\sakebow\.m2\repository\org\springframework\data\spring-data-redis\2.2.6.RELEASE\spring-data-redis-2.2.6.RELEASE.jar;C:\Users\sakebow\.m2\repository\org\springframework\data\spring-data-keyvalue\2.2.6.RELEASE\spring-data-keyvalue-2.2.6.RELEASE.jar;C:\Users\sakebow\.m2\repository\org\springframework\data\spring-data-commons\2.2.6.RELEASE\spring-data-commons-2.2.6.RELEASE.jar;C:\Users\sakebow\.m2\repository\org\springframework\spring-tx\5.2.5.RELEASE\spring-tx-5.2.5.RELEASE.jar;C:\Users\sakebow\.m2\repository\org\springframework\spring-aop\5.2.5.RELEASE\spring-aop-5.2.5.RELEASE.jar;C:\Users\sakebow\.m2\repository\org\springframework\spring-context-support\5.2.5.RELEASE\spring-context-support-5.2.5.RELEASE.jar;C:\Users\sakebow\.m2\repository\io\lettuce\lettuce-core\5.2.2.RELEASE\lettuce-core-5.2.2.RELEASE.jar;C:\Users\sakebow\.m2\repository\io\netty\netty-common\4.1.48.Final\netty-common-4.1.48.Final.jar;C:\Users\sakebow\.m2\repository\io\netty\netty-handler\4.1.48.Final\netty-handler-4.1.48.Final.jar;C:\Users\sakebow\.m2\repository\io\netty\netty-resolver\4.1.48.Final\netty-resolver-4.1.48.Final.jar;C:\Users\sakebow\.m2\repository\io\netty\netty-buffer\4.1.48.Final\netty-buffer-4.1.48.Final.jar;C:\Users\sakebow\.m2\repository\io\netty\netty-codec\4.1.48.Final\netty-codec-4.1.48.Final.jar;C:\Users\sakebow\.m2\repository\io\netty\netty-transport\4.1.48.Final\netty-transport-4.1.48.Final.jar;C:\Users\sakebow\.m2\repository\io\projectreactor\reactor-core\3.3.4.RELEASE\reactor-core-3.3.4.RELEASE.jar;C:\Users\sakebow\.m2\repository\org\reactivestreams\reactive-streams\1.0.3\reactive-streams-1.0.3.jar;C:\Users\sakebow\.m2\repository\org\springframework\boot\spring-boot-starter-web\2.2.6.RELEASE\spring-boot-starter-web-2.2.6.RELEASE.jar;C:\Users\sakebow\.m2\repository\org\springframework\boot\spring-boot-starter-json\2.2.6.RELEASE\spring-boot-starter-json-2.2.6.RELEASE.jar;C:\Users\sakebow\.m2\repository\com\fasterxml\jackson\core\jackson-databind\2.10.3\jackson-databind-2.10.3.jar;C:\Users\sakebow\.m2\repository\com\fasterxml\jackson\core\jackson-annotations\2.10.3\jackson-annotations-2.10.3.jar;C:\Users\sakebow\.m2\repository\com\fasterxml\jackson\core\jackson-core\2.10.3\jackson-core-2.10.3.jar;C:\Users\sakebow\.m2\repository\com\fasterxml\jackson\datatype\jackson-datatype-jdk8\2.10.3\jackson-datatype-jdk8-2.10.3.jar;C:\Users\sakebow\.m2\repository\com\fasterxml\jackson\datatype\jackson-datatype-jsr310\2.10.3\jackson-datatype-jsr310-2.10.3.jar;C:\Users\sakebow\.m2\repository\com\fasterxml\jackson\module\jackson-module-parameter-names\2.10.3\jackson-module-parameter-names-2.10.3.jar;C:\Users\sakebow\.m2\repository\org\springframework\boot\spring-boot-starter-tomcat\2.2.6.RELEASE\spring-boot-starter-tomcat-2.2.6.RELEASE.jar;C:\Users\sakebow\.m2\repository\org\apache\tomcat\embed\tomcat-embed-core\9.0.33\tomcat-embed-core-9.0.33.jar;C:\Users\sakebow\.m2\repository\org\apache\tomcat\embed\tomcat-embed-el\9.0.33\tomcat-embed-el-9.0.33.jar;C:\Users\sakebow\.m2\repository\org\apache\tomcat\embed\tomcat-embed-websocket\9.0.33\tomcat-embed-websocket-9.0.33.jar;C:\Users\sakebow\.m2\repository\org\springframework\boot\spring-boot-starter-validation\2.2.6.RELEASE\spring-boot-starter-validation-2.2.6.RELEASE.jar;C:\Users\sakebow\.m2\repository\jakarta\validation\jakarta.validation-api\2.0.2\jakarta.validation-api-2.0.2.jar;C:\Users\sakebow\.m2\repository\org\hibernate\validator\hibernate-validator\6.0.18.Final\hibernate-validator-6.0.18.Final.jar;C:\Users\sakebow\.m2\repository\org\jboss\logging\jboss-logging\3.4.1.Final\jboss-logging-3.4.1.Final.jar;C:\Users\sakebow\.m2\repository\com\fasterxml\classmate\1.5.1\classmate-1.5.1.jar;C:\Users\sakebow\.m2\repository\org\springframework\spring-web\5.2.5.RELEASE\spring-web-5.2.5.RELEASE.jar;C:\Users\sakebow\.m2\repository\org\springframework\spring-beans\5.2.5.RELEASE\spring-beans-5.2.5.RELEASE.jar;C:\Users\sakebow\.m2\repository\org\springframework\spring-webmvc\5.2.5.RELEASE\spring-webmvc-5.2.5.RELEASE.jar;C:\Users\sakebow\.m2\repository\org\springframework\spring-context\5.2.5.RELEASE\spring-context-5.2.5.RELEASE.jar;C:\Users\sakebow\.m2\repository\org\springframework\spring-expression\5.2.5.RELEASE\spring-expression-5.2.5.RELEASE.jar;C:\Users\sakebow\.m2\repository\org\springframework\boot\spring-boot-starter-web-services\2.2.6.RELEASE\spring-boot-starter-web-services-2.2.6.RELEASE.jar;C:\Users\sakebow\.m2\repository\com\sun\xml\messaging\saaj\saaj-impl\1.5.1\saaj-impl-1.5.1.jar;C:\Users\sakebow\.m2\repository\jakarta\activation\jakarta.activation-api\1.2.2\jakarta.activation-api-1.2.2.jar;C:\Users\sakebow\.m2\repository\jakarta\xml\soap\jakarta.xml.soap-api\1.4.2\jakarta.xml.soap-api-1.4.2.jar;C:\Users\sakebow\.m2\repository\org\jvnet\mimepull\mimepull\1.9.13\mimepull-1.9.13.jar;C:\Users\sakebow\.m2\repository\org\jvnet\staxex\stax-ex\1.8.1\stax-ex-1.8.1.jar;C:\Users\sakebow\.m2\repository\jakarta\xml\ws\jakarta.xml.ws-api\2.3.3\jakarta.xml.ws-api-2.3.3.jar;C:\Users\sakebow\.m2\repository\jakarta\jws\jakarta.jws-api\2.1.0\jakarta.jws-api-2.1.0.jar;C:\Users\sakebow\.m2\repository\org\springframework\spring-oxm\5.2.5.RELEASE\spring-oxm-5.2.5.RELEASE.jar;C:\Users\sakebow\.m2\repository\org\springframework\ws\spring-ws-core\3.0.8.RELEASE\spring-ws-core-3.0.8.RELEASE.jar;C:\Users\sakebow\.m2\repository\org\springframework\ws\spring-xml\3.0.8.RELEASE\spring-xml-3.0.8.RELEASE.jar;C:\Users\sakebow\.m2\repository\org\springframework\boot\spring-boot-devtools\2.2.6.RELEASE\spring-boot-devtools-2.2.6.RELEASE.jar;C:\Users\sakebow\.m2\repository\org\springframework\boot\spring-boot\2.2.6.RELEASE\spring-boot-2.2.6.RELEASE.jar;C:\Users\sakebow\.m2\repository\org\springframework\boot\spring-boot-autoconfigure\2.2.6.RELEASE\spring-boot-autoconfigure-2.2.6.RELEASE.jar;C:\Users\sakebow\.m2\repository\mysql\mysql-connector-java\8.0.15\mysql-connector-java-8.0.15.jar;C:\Users\sakebow\.m2\repository\org\projectlombok\lombok\1.18.10\lombok-1.18.10.jar;C:\Users\sakebow\.m2\repository\org\springframework\boot\spring-boot-starter-test\2.2.6.RELEASE\spring-boot-starter-test-2.2.6.RELEASE.jar;C:\Users\sakebow\.m2\repository\org\springframework\boot\spring-boot-test\2.2.6.RELEASE\spring-boot-test-2.2.6.RELEASE.jar;C:\Users\sakebow\.m2\repository\org\springframework\boot\spring-boot-test-autoconfigure\2.2.6.RELEASE\spring-boot-test-autoconfigure-2.2.6.RELEASE.jar;C:\Users\sakebow\.m2\repository\com\jayway\jsonpath\json-path\2.4.0\json-path-2.4.0.jar;C:\Users\sakebow\.m2\repository\net\minidev\json-smart\2.3\json-smart-2.3.jar;C:\Users\sakebow\.m2\repository\net\minidev\accessors-smart\1.2\accessors-smart-1.2.jar;C:\Users\sakebow\.m2\repository\org\ow2\asm\asm\5.0.4\asm-5.0.4.jar;C:\Users\sakebow\.m2\repository\jakarta\xml\bind\jakarta.xml.bind-api\2.3.3\jakarta.xml.bind-api-2.3.3.jar;C:\Users\sakebow\.m2\repository\org\junit\jupiter\junit-jupiter\5.5.2\junit-jupiter-5.5.2.jar;C:\Users\sakebow\.m2\repository\org\junit\jupiter\junit-jupiter-api\5.5.2\junit-jupiter-api-5.5.2.jar;C:\Users\sakebow\.m2\repository\org\apiguardian\apiguardian-api\1.1.0\apiguardian-api-1.1.0.jar;C:\Users\sakebow\.m2\repository\org\opentest4j\opentest4j\1.2.0\opentest4j-1.2.0.jar;C:\Users\sakebow\.m2\repository\org\junit\platform\junit-platform-commons\1.5.2\junit-platform-commons-1.5.2.jar;C:\Users\sakebow\.m2\repository\org\junit\jupiter\junit-jupiter-params\5.5.2\junit-jupiter-params-5.5.2.jar;C:\Users\sakebow\.m2\repository\org\junit\jupiter\junit-jupiter-engine\5.5.2\junit-jupiter-engine-5.5.2.jar;C:\Users\sakebow\.m2\repository\org\junit\platform\junit-platform-engine\1.5.2\junit-platform-engine-1.5.2.jar;C:\Users\sakebow\.m2\repository\org\mockito\mockito-junit-jupiter\3.1.0\mockito-junit-jupiter-3.1.0.jar;C:\Users\sakebow\.m2\repository\org\assertj\assertj-core\3.13.2\assertj-core-3.13.2.jar;C:\Users\sakebow\.m2\repository\org\hamcrest\hamcrest\2.1\hamcrest-2.1.jar;C:\Users\sakebow\.m2\repository\org\mockito\mockito-core\3.1.0\mockito-core-3.1.0.jar;C:\Users\sakebow\.m2\repository\net\bytebuddy\byte-buddy\1.10.8\byte-buddy-1.10.8.jar;C:\Users\sakebow\.m2\repository\net\bytebuddy\byte-buddy-agent\1.10.8\byte-buddy-agent-1.10.8.jar;C:\Users\sakebow\.m2\repository\org\objenesis\objenesis\2.6\objenesis-2.6.jar;C:\Users\sakebow\.m2\repository\org\skyscreamer\jsonassert\1.5.0\jsonassert-1.5.0.jar;C:\Users\sakebow\.m2\repository\com\vaadin\external\google\android-json\0.0.20131108.vaadin1\android-json-0.0.20131108.vaadin1.jar;C:\Users\sakebow\.m2\repository\org\springframework\spring-core\5.2.5.RELEASE\spring-core-5.2.5.RELEASE.jar;C:\Users\sakebow\.m2\repository\org\springframework\spring-jcl\5.2.5.RELEASE\spring-jcl-5.2.5.RELEASE.jar;C:\Users\sakebow\.m2\repository\org\springframework\spring-test\5.2.5.RELEASE\spring-test-5.2.5.RELEASE.jar;C:\Users\sakebow\.m2\repository\org\xmlunit\xmlunit-core\2.6.4\xmlunit-core-2.6.4.jar;C:\Users\sakebow\.m2\repository\org\springframework\restdocs\spring-restdocs-mockmvc\2.0.4.RELEASE\spring-restdocs-mockmvc-2.0.4.RELEASE.jar;C:\Users\sakebow\.m2\repository\javax\servlet\javax.servlet-api\4.0.1\javax.servlet-api-4.0.1.jar;C:\Users\sakebow\.m2\repository\org\springframework\restdocs\spring-restdocs-core\2.0.4.RELEASE\spring-restdocs-core-2.0.4.RELEASE.jar;C:\Users\sakebow\.m2\repository\com\alibaba\fastjson\1.2.28\fastjson-1.2.28.jar;C:\Users\sakebow\.m2\repository\com\baomidou\mybatis-plus-boot-starter\3.3.1.tmp\mybatis-plus-boot-starter-3.3.1.tmp.jar;C:\Users\sakebow\.m2\repository\com\baomidou\mybatis-plus\3.3.1.tmp\mybatis-plus-3.3.1.tmp.jar;C:\Users\sakebow\.m2\repository\com\baomidou\mybatis-plus-extension\3.3.1.tmp\mybatis-plus-extension-3.3.1.tmp.jar;C:\Users\sakebow\.m2\repository\com\baomidou\mybatis-plus-core\3.3.1.tmp\mybatis-plus-core-3.3.1.tmp.jar;C:\Users\sakebow\.m2\repository\com\baomidou\mybatis-plus-annotation\3.3.1.tmp\mybatis-plus-annotation-3.3.1.tmp.jar;C:\Users\sakebow\.m2\repository\com\github\jsqlparser\jsqlparser\3.1\jsqlparser-3.1.jar;C:\Users\sakebow\.m2\repository\org\mybatis\mybatis\3.5.3\mybatis-3.5.3.jar;C:\Users\sakebow\.m2\repository\org\mybatis\mybatis-spring\2.0.3\mybatis-spring-2.0.3.jar;C:\Users\sakebow\.m2\repository\org\springframework\boot\spring-boot-starter-jdbc\2.2.6.RELEASE\spring-boot-starter-jdbc-2.2.6.RELEASE.jar;C:\Users\sakebow\.m2\repository\com\zaxxer\HikariCP\3.4.2\HikariCP-3.4.2.jar;C:\Users\sakebow\.m2\repository\org\springframework\spring-jdbc\5.2.5.RELEASE\spring-jdbc-5.2.5.RELEASE.jar;C:\Users\sakebow\.m2\repository\redis\clients\jedis\3.1.0\jedis-3.1.0.jar;C:\Users\sakebow\.m2\repository\org\slf4j\slf4j-api\1.7.30\slf4j-api-1.7.30.jar;C:\Users\sakebow\.m2\repository\org\apache\commons\commons-pool2\2.7.0\commons-pool2-2.7.0.jar;C:\Users\sakebow\.m2\repository\org\apache\httpcomponents\httpclient\4.3.5\httpclient-4.3.5.jar;C:\Users\sakebow\.m2\repository\org\apache\httpcomponents\httpcore\4.4.13\httpcore-4.4.13.jar;C:\Users\sakebow\.m2\repository\commons-codec\commons-codec\1.13\commons-codec-1.13.jar;C:\Users\sakebow\.m2\repository\com\qiniu\qiniu-java-sdk\7.2.28\qiniu-java-sdk-7.2.28.jar;C:\Users\sakebow\.m2\repository\com\squareup\okhttp3\okhttp\3.14.7\okhttp-3.14.7.jar;C:\Users\sakebow\.m2\repository\com\squareup\okio\okio\1.17.2\okio-1.17.2.jar;C:\Users\sakebow\.m2\repository\com\google\code\gson\gson\2.8.5\gson-2.8.5.jar;"/>
    <property name="sun.cpu.endian" value="little"/>
    <property name="user.home" value="C:\Users\sakebow"/>
    <property name="user.language" value="zh"/>
    <property name="java.specification.vendor" value="Oracle Corporation"/>
    <property name="java.home" value="F:\environment\jdk8u144\jre"/>
    <property name="basedir" value="F:\workplace\其他项目\饕餮食客\javapro"/>
    <property name="file.separator" value="\"/>
    <property name="line.separator" value="&#10;"/>
    <property name="java.vm.specification.vendor" value="Oracle Corporation"/>
    <property name="java.specification.name" value="Java Platform API Specification"/>
    <property name="java.awt.graphicsenv" value="sun.awt.Win32GraphicsEnvironment"/>
    <property name="surefire.real.class.path" value="C:\Users\sakebow\AppData\Local\Temp\surefire1526597066893460212\surefirebooter8121277621349449149.jar"/>
    <property name="sun.boot.class.path" value="F:\environment\jdk8u144\jre\lib\resources.jar;F:\environment\jdk8u144\jre\lib\rt.jar;F:\environment\jdk8u144\jre\lib\sunrsasign.jar;F:\environment\jdk8u144\jre\lib\jsse.jar;F:\environment\jdk8u144\jre\lib\jce.jar;F:\environment\jdk8u144\jre\lib\charsets.jar;F:\environment\jdk8u144\jre\lib\jfr.jar;F:\environment\jdk8u144\jre\classes"/>
    <property name="user.script" value=""/>
    <property name="sun.management.compiler" value="HotSpot 64-Bit Tiered Compilers"/>
    <property name="java.runtime.version" value="1.8.0_144-b01"/>
    <property name="user.name" value="sakebow"/>
    <property name="path.separator" value=";"/>
    <property name="os.version" value="10.0"/>
    <property name="java.endorsed.dirs" value="F:\environment\jdk8u144\jre\lib\endorsed"/>
    <property name="java.runtime.name" value="Java(TM) SE Runtime Environment"/>
    <property name="file.encoding" value="GBK"/>
    <property name="java.vm.name" value="Java HotSpot(TM) 64-Bit Server VM"/>
    <property name="localRepository" value="C:\Users\sakebow\.m2\repository"/>
    <property name="java.vendor.url.bug" value="http://bugreport.sun.com/bugreport/"/>
    <property name="java.io.tmpdir" value="C:\Users\sakebow\AppData\Local\Temp\"/>
    <property name="java.version" value="1.8.0_144"/>
    <property name="user.dir" value="F:\workplace\其他项目\饕餮食客\javapro"/>
    <property name="os.arch" value="amd64"/>
    <property name="java.vm.specification.name" value="Java Virtual Machine Specification"/>
    <property name="java.awt.printerjob" value="sun.awt.windows.WPrinterJob"/>
    <property name="sun.os.patch.level" value=""/>
    <property name="java.library.path" value="F:\environment\jdk8u144\jre\bin;C:\Windows\Sun\Java\bin;C:\Windows\system32;C:\Windows;F:\environment\apache-tomcat-9.0.34\bin;F:\software\Xshell\;C:\ProgramData\Oracle\Java\javapath;C:\Windows\system32;C:\Windows;C:\Windows\System32\Wbem;C:\Windows\System32\WindowsPowerShell\v1.0\;C:\Windows\System32\OpenSSH\;F:\environment\jdk8u144\bin;F:\environment\apache-maven-3.5.0\bin;F:\software\Git\cmd;F:\environment\node\;C:\Program Files (x86)\NVIDIA Corporation\PhysX\Common;C:\Program Files\NVIDIA Corporation\NVIDIA NvDLISR;F:\environment\node\downloads\global;F:\software\WinSCP\;C:\Users\sakebow\AppData\Local\Microsoft\WindowsApps;C:\Users\sakebow\AppData\Roaming\npm;F:\software\Microsoft VS Code\bin;."/>
    <property name="java.vm.info" value="mixed mode"/>
    <property name="java.vendor" value="Oracle Corporation"/>
    <property name="java.vm.version" value="25.144-b01"/>
    <property name="java.ext.dirs" value="F:\environment\jdk8u144\jre\lib\ext;C:\Windows\Sun\Java\lib\ext"/>
    <property name="sun.io.unicode.encoding" value="UnicodeLittle"/>
    <property name="java.class.version" value="52.0"/>
  </properties>
  <testcase name="test1" classname="com.taotie.wechatpro.WechatproApplicationTests" time="0.137"/>
  <testcase name="test2" classname="com.taotie.wechatpro.WechatproApplicationTests" time="0.001"/>
  <testcase name="contextLoads" classname="com.taotie.wechatpro.WechatproApplicationTests" time="0.486"/>
</testsuite>